e:\saoal\woek_mouse\制作\game_action\game\debug\vc120.pdb
e:\saoal\woek_mouse\制作\game_action\game\debug\vc120.idb
e:\saoal\woek_mouse\制作\game_action\game\debug\cdirect3dxfile.obj
e:\saoal\woek_mouse\制作\game_action\game\debug\cdirectxgraphics.obj
e:\saoal\woek_mouse\制作\game_action\game\debug\collision.obj
e:\saoal\woek_mouse\制作\game_action\game\debug\data.obj
e:\saoal\woek_mouse\制作\game_action\game\debug\game.obj
e:\saoal\woek_mouse\制作\game_action\game\debug\input.obj
e:\saoal\woek_mouse\制作\game_action\game\debug\main.obj
e:\saoal\woek_mouse\制作\game_action\game\debug\mathutil.obj
e:\saoal\woek_mouse\制作\game_action\game\debug\stagehit.obj
e:\saoal\woek_mouse\制作\game_action\game\debug\game.ilk
e:\saoal\woek_mouse\制作\game_action\game\debug\game.exe
e:\saoal\woek_mouse\制作\game_action\game\debug\game.pdb
e:\saoal\woek_mouse\制作\game_action\game\debug\game.tlog\cl.command.1.tlog
e:\saoal\woek_mouse\制作\game_action\game\debug\game.tlog\cl.read.1.tlog
e:\saoal\woek_mouse\制作\game_action\game\debug\game.tlog\cl.write.1.tlog
e:\saoal\woek_mouse\制作\game_action\game\debug\game.tlog\link.command.1.tlog
e:\saoal\woek_mouse\制作\game_action\game\debug\game.tlog\link.read.1.tlog
e:\saoal\woek_mouse\制作\game_action\game\debug\game.tlog\link.write.1.tlog
